build/app/intermediates/manifest_merge_blame_file/release/manifest-merger-blame-release-report.txt
1<?xml version="1.0" encoding="utf-8"?>
2<manifest xmlns:android="http://schemas.android.com/apk/res/android"
3    package="com.example.week7_networking_discussion"
4    android:versionCode="1"
5    android:versionName="1.0.0" >
6
7    <uses-sdk
8        android:minSdkVersion="21"
8-->src\main\AndroidManifest.xml
9        android:targetSdkVersion="31" />
9-->src\main\AndroidManifest.xml
10    <!-- Required to fetch data from the internet. -->
11    <uses-permission android:name="android.permission.INTERNET" />
11-->src\main\AndroidManifest.xml:4:5-67
11-->src\main\AndroidManifest.xml:4:22-64
12    <uses-permission android:name="android.permission.RECEIVE_BOOT_COMPLETED" />
12-->[:flutter_local_notifications] AndroidManifest.xml:9:5-81
12-->[:flutter_local_notifications] AndroidManifest.xml:9:22-78
13    <uses-permission android:name="android.permission.VIBRATE" />
13-->[:flutter_local_notifications] AndroidManifest.xml:10:5-66
13-->[:flutter_local_notifications] AndroidManifest.xml:10:22-63
14    <uses-permission android:name="android.permission.USE_FULL_SCREEN_INTENT" />
14-->[:flutter_local_notifications] AndroidManifest.xml:11:5-81
14-->[:flutter_local_notifications] AndroidManifest.xml:11:22-78
15    <uses-permission android:name="android.permission.SCHEDULE_EXACT_ALARM" />
15-->[:flutter_local_notifications] AndroidManifest.xml:12:5-79
15-->[:flutter_local_notifications] AndroidManifest.xml:12:22-76
16    <uses-permission android:name="android.permission.POST_NOTIFICATIONS" />
16-->[:flutter_local_notifications] AndroidManifest.xml:13:5-77
16-->[:flutter_local_notifications] AndroidManifest.xml:13:22-74
17    <uses-permission android:name="android.permission.ACCESS_NETWORK_STATE" />
17-->[com.google.firebase:firebase-auth:21.1.0] AndroidManifest.xml:24:5-79
17-->[com.google.firebase:firebase-auth:21.1.0] AndroidManifest.xml:24:22-76
18
19    <application
20        android:name="android.app.Application"
20-->src\main\AndroidManifest.xml:8:9-42
21        android:appComponentFactory="androidx.core.app.CoreComponentFactory"
21-->[androidx.core:core:1.6.0] AndroidManifest.xml:24:18-86
22        android:icon="@mipmap/ic_launcher"
22-->src\main\AndroidManifest.xml:9:9-43
23        android:label="week7_networking_discussion" >
23-->src\main\AndroidManifest.xml:7:9-52
24        <activity
24-->src\main\AndroidManifest.xml:10:9-33:20
25            android:name="com.example.week7_networking_discussion.MainActivity"
25-->src\main\AndroidManifest.xml:11:13-41
26            android:configChanges="orientation|keyboardHidden|keyboard|screenSize|smallestScreenSize|locale|layoutDirection|fontScale|screenLayout|density|uiMode"
26-->src\main\AndroidManifest.xml:15:13-163
27            android:exported="true"
27-->src\main\AndroidManifest.xml:12:13-36
28            android:hardwareAccelerated="true"
28-->src\main\AndroidManifest.xml:16:13-47
29            android:launchMode="singleTop"
29-->src\main\AndroidManifest.xml:13:13-43
30            android:showWhenLocked="true"
30-->src\main\AndroidManifest.xml:18:13-42
31            android:theme="@style/LaunchTheme"
31-->src\main\AndroidManifest.xml:14:13-47
32            android:turnScreenOn="true"
32-->src\main\AndroidManifest.xml:19:13-40
33            android:windowSoftInputMode="adjustResize" >
33-->src\main\AndroidManifest.xml:17:13-55
34
35            <!--
36                 Specifies an Android theme to apply to this Activity as soon as
37                 the Android process has started. This theme is visible to the user
38                 while the Flutter UI initializes. After that, this theme continues
39                 to determine the Window background behind the Flutter UI.
40            -->
41            <meta-data
41-->src\main\AndroidManifest.xml:25:13-28:17
42                android:name="io.flutter.embedding.android.NormalTheme"
42-->src\main\AndroidManifest.xml:26:15-70
43                android:resource="@style/NormalTheme" />
43-->src\main\AndroidManifest.xml:27:15-52
44
45            <intent-filter>
45-->src\main\AndroidManifest.xml:29:13-32:29
46                <action android:name="android.intent.action.MAIN" />
46-->src\main\AndroidManifest.xml:30:17-68
46-->src\main\AndroidManifest.xml:30:25-66
47
48                <category android:name="android.intent.category.LAUNCHER" />
48-->src\main\AndroidManifest.xml:31:17-76
48-->src\main\AndroidManifest.xml:31:27-74
49            </intent-filter>
50        </activity>
51        <!--
52             Don't delete the meta-data below.
53             This is used by the Flutter tool to generate GeneratedPluginRegistrant.java
54        -->
55        <meta-data
55-->src\main\AndroidManifest.xml:36:9-38:33
56            android:name="flutterEmbedding"
56-->src\main\AndroidManifest.xml:37:13-44
57            android:value="2" />
57-->src\main\AndroidManifest.xml:38:13-30
58
59        <service
59-->[:firebase_auth] AndroidManifest.xml:10:9-14:19
60            android:name="com.google.firebase.components.ComponentDiscoveryService"
60-->[:firebase_auth] AndroidManifest.xml:10:18-89
61            android:directBootAware="true"
61-->[com.google.firebase:firebase-common:20.2.0] AndroidManifest.xml:34:13-43
62            android:exported="false" >
62-->[com.google.firebase:firebase-auth:21.1.0] AndroidManifest.xml:66:13-37
63            <meta-data
63-->[:firebase_auth] AndroidManifest.xml:11:13-13:85
64                android:name="com.google.firebase.components:io.flutter.plugins.firebase.auth.FlutterFirebaseAuthRegistrar"
64-->[:firebase_auth] AndroidManifest.xml:12:17-124
65                android:value="com.google.firebase.components.ComponentRegistrar" />
65-->[:firebase_auth] AndroidManifest.xml:13:17-82
66            <meta-data
66-->[:cloud_firestore] AndroidManifest.xml:11:13-13:85
67                android:name="com.google.firebase.components:io.flutter.plugins.firebase.firestore.FlutterFirebaseFirestoreRegistrar"
67-->[:cloud_firestore] AndroidManifest.xml:12:17-134
68                android:value="com.google.firebase.components.ComponentRegistrar" />
68-->[:cloud_firestore] AndroidManifest.xml:13:17-82
69            <meta-data
69-->[:firebase_core] AndroidManifest.xml:11:13-13:85
70                android:name="com.google.firebase.components:io.flutter.plugins.firebase.core.FlutterFirebaseCoreRegistrar"
70-->[:firebase_core] AndroidManifest.xml:12:17-124
71                android:value="com.google.firebase.components.ComponentRegistrar" />
71-->[:firebase_core] AndroidManifest.xml:13:17-82
72            <meta-data
72-->[com.google.firebase:firebase-auth:21.1.0] AndroidManifest.xml:67:13-69:85
73                android:name="com.google.firebase.components:com.google.firebase.auth.FirebaseAuthRegistrar"
73-->[com.google.firebase:firebase-auth:21.1.0] AndroidManifest.xml:68:17-109
74                android:value="com.google.firebase.components.ComponentRegistrar" />
74-->[com.google.firebase:firebase-auth:21.1.0] AndroidManifest.xml:69:17-82
75            <meta-data
75-->[com.google.firebase:firebase-firestore:24.4.0] AndroidManifest.xml:19:13-21:85
76                android:name="com.google.firebase.components:com.google.firebase.firestore.FirestoreRegistrar"
76-->[com.google.firebase:firebase-firestore:24.4.0] AndroidManifest.xml:20:17-111
77                android:value="com.google.firebase.components.ComponentRegistrar" />
77-->[com.google.firebase:firebase-firestore:24.4.0] AndroidManifest.xml:21:17-82
78        </service>
79
80        <receiver
80-->[:flutter_local_notifications] AndroidManifest.xml:16:9-18:40
81            android:name="com.dexterous.flutterlocalnotifications.ActionBroadcastReceiver"
81-->[:flutter_local_notifications] AndroidManifest.xml:17:13-91
82            android:exported="false" />
82-->[:flutter_local_notifications] AndroidManifest.xml:18:13-37
83        <receiver
83-->[:flutter_local_notifications] AndroidManifest.xml:19:9-21:40
84            android:name="com.dexterous.flutterlocalnotifications.ScheduledNotificationReceiver"
84-->[:flutter_local_notifications] AndroidManifest.xml:20:13-97
85            android:exported="false" />
85-->[:flutter_local_notifications] AndroidManifest.xml:21:13-37
86        <receiver
86-->[:flutter_local_notifications] AndroidManifest.xml:22:9-31:20
87            android:name="com.dexterous.flutterlocalnotifications.ScheduledNotificationBootReceiver"
87-->[:flutter_local_notifications] AndroidManifest.xml:23:13-101
88            android:exported="false" >
88-->[:flutter_local_notifications] AndroidManifest.xml:24:13-37
89            <intent-filter>
89-->[:flutter_local_notifications] AndroidManifest.xml:25:13-30:29
90                <action android:name="android.intent.action.BOOT_COMPLETED" />
90-->[:flutter_local_notifications] AndroidManifest.xml:26:17-79
90-->[:flutter_local_notifications] AndroidManifest.xml:26:25-76
91                <action android:name="android.intent.action.MY_PACKAGE_REPLACED" />
91-->[:flutter_local_notifications] AndroidManifest.xml:27:17-84
91-->[:flutter_local_notifications] AndroidManifest.xml:27:25-81
92                <action android:name="android.intent.action.QUICKBOOT_POWERON" />
92-->[:flutter_local_notifications] AndroidManifest.xml:28:17-82
92-->[:flutter_local_notifications] AndroidManifest.xml:28:25-79
93                <action android:name="com.htc.intent.action.QUICKBOOT_POWERON" />
93-->[:flutter_local_notifications] AndroidManifest.xml:29:17-82
93-->[:flutter_local_notifications] AndroidManifest.xml:29:25-79
94            </intent-filter>
95        </receiver>
96
97        <uses-library
97-->[androidx.window:window:1.0.0-beta04] AndroidManifest.xml:25:9-27:40
98            android:name="androidx.window.extensions"
98-->[androidx.window:window:1.0.0-beta04] AndroidManifest.xml:26:13-54
99            android:required="false" />
99-->[androidx.window:window:1.0.0-beta04] AndroidManifest.xml:27:13-37
100        <uses-library
100-->[androidx.window:window:1.0.0-beta04] AndroidManifest.xml:28:9-30:40
101            android:name="androidx.window.sidecar"
101-->[androidx.window:window:1.0.0-beta04] AndroidManifest.xml:29:13-51
102            android:required="false" />
102-->[androidx.window:window:1.0.0-beta04] AndroidManifest.xml:30:13-37
103
104        <activity
104-->[com.google.firebase:firebase-auth:21.1.0] AndroidManifest.xml:27:9-44:20
105            android:name="com.google.firebase.auth.internal.GenericIdpActivity"
105-->[com.google.firebase:firebase-auth:21.1.0] AndroidManifest.xml:28:13-80
106            android:excludeFromRecents="true"
106-->[com.google.firebase:firebase-auth:21.1.0] AndroidManifest.xml:29:13-46
107            android:exported="true"
107-->[com.google.firebase:firebase-auth:21.1.0] AndroidManifest.xml:30:13-36
108            android:launchMode="singleTask"
108-->[com.google.firebase:firebase-auth:21.1.0] AndroidManifest.xml:31:13-44
109            android:theme="@android:style/Theme.Translucent.NoTitleBar" >
109-->[com.google.firebase:firebase-auth:21.1.0] AndroidManifest.xml:32:13-72
110            <intent-filter>
110-->[com.google.firebase:firebase-auth:21.1.0] AndroidManifest.xml:33:13-43:29
111                <action android:name="android.intent.action.VIEW" />
111-->[com.google.firebase:firebase-auth:21.1.0] AndroidManifest.xml:34:17-69
111-->[com.google.firebase:firebase-auth:21.1.0] AndroidManifest.xml:34:25-66
112
113                <category android:name="android.intent.category.DEFAULT" />
113-->[com.google.firebase:firebase-auth:21.1.0] AndroidManifest.xml:36:17-76
113-->[com.google.firebase:firebase-auth:21.1.0] AndroidManifest.xml:36:27-73
114                <category android:name="android.intent.category.BROWSABLE" />
114-->[com.google.firebase:firebase-auth:21.1.0] AndroidManifest.xml:37:17-78
114-->[com.google.firebase:firebase-auth:21.1.0] AndroidManifest.xml:37:27-75
115
116                <data
116-->[com.google.firebase:firebase-auth:21.1.0] AndroidManifest.xml:39:17-42:51
117                    android:host="firebase.auth"
117-->[com.google.firebase:firebase-auth:21.1.0] AndroidManifest.xml:40:21-49
118                    android:path="/"
118-->[com.google.firebase:firebase-auth:21.1.0] AndroidManifest.xml:41:21-37
119                    android:scheme="genericidp" />
119-->[com.google.firebase:firebase-auth:21.1.0] AndroidManifest.xml:42:21-48
120            </intent-filter>
121        </activity>
122        <activity
122-->[com.google.firebase:firebase-auth:21.1.0] AndroidManifest.xml:45:9-62:20
123            android:name="com.google.firebase.auth.internal.RecaptchaActivity"
123-->[com.google.firebase:firebase-auth:21.1.0] AndroidManifest.xml:46:13-79
124            android:excludeFromRecents="true"
124-->[com.google.firebase:firebase-auth:21.1.0] AndroidManifest.xml:47:13-46
125            android:exported="true"
125-->[com.google.firebase:firebase-auth:21.1.0] AndroidManifest.xml:48:13-36
126            android:launchMode="singleTask"
126-->[com.google.firebase:firebase-auth:21.1.0] AndroidManifest.xml:49:13-44
127            android:theme="@android:style/Theme.Translucent.NoTitleBar" >
127-->[com.google.firebase:firebase-auth:21.1.0] AndroidManifest.xml:50:13-72
128            <intent-filter>
128-->[com.google.firebase:firebase-auth:21.1.0] AndroidManifest.xml:51:13-61:29
129                <action android:name="android.intent.action.VIEW" />
129-->[com.google.firebase:firebase-auth:21.1.0] AndroidManifest.xml:34:17-69
129-->[com.google.firebase:firebase-auth:21.1.0] AndroidManifest.xml:34:25-66
130
131                <category android:name="android.intent.category.DEFAULT" />
131-->[com.google.firebase:firebase-auth:21.1.0] AndroidManifest.xml:36:17-76
131-->[com.google.firebase:firebase-auth:21.1.0] AndroidManifest.xml:36:27-73
132                <category android:name="android.intent.category.BROWSABLE" />
132-->[com.google.firebase:firebase-auth:21.1.0] AndroidManifest.xml:37:17-78
132-->[com.google.firebase:firebase-auth:21.1.0] AndroidManifest.xml:37:27-75
133
134                <data
134-->[com.google.firebase:firebase-auth:21.1.0] AndroidManifest.xml:39:17-42:51
135                    android:host="firebase.auth"
135-->[com.google.firebase:firebase-auth:21.1.0] AndroidManifest.xml:40:21-49
136                    android:path="/"
136-->[com.google.firebase:firebase-auth:21.1.0] AndroidManifest.xml:41:21-37
137                    android:scheme="recaptcha" />
137-->[com.google.firebase:firebase-auth:21.1.0] AndroidManifest.xml:42:21-48
138            </intent-filter>
139        </activity>
140
141        <provider
141-->[com.google.firebase:firebase-common:20.2.0] AndroidManifest.xml:25:9-30:39
142            android:name="com.google.firebase.provider.FirebaseInitProvider"
142-->[com.google.firebase:firebase-common:20.2.0] AndroidManifest.xml:26:13-77
143            android:authorities="com.example.week7_networking_discussion.firebaseinitprovider"
143-->[com.google.firebase:firebase-common:20.2.0] AndroidManifest.xml:27:13-72
144            android:directBootAware="true"
144-->[com.google.firebase:firebase-common:20.2.0] AndroidManifest.xml:28:13-43
145            android:exported="false"
145-->[com.google.firebase:firebase-common:20.2.0] AndroidManifest.xml:29:13-37
146            android:initOrder="100" />
146-->[com.google.firebase:firebase-common:20.2.0] AndroidManifest.xml:30:13-36
147
148        <activity
148-->[com.google.android.gms:play-services-base:18.0.1] AndroidManifest.xml:20:9-22:45
149            android:name="com.google.android.gms.common.api.GoogleApiActivity"
149-->[com.google.android.gms:play-services-base:18.0.1] AndroidManifest.xml:20:19-85
150            android:exported="false"
150-->[com.google.android.gms:play-services-base:18.0.1] AndroidManifest.xml:22:19-43
151            android:theme="@android:style/Theme.Translucent.NoTitleBar" />
151-->[com.google.android.gms:play-services-base:18.0.1] AndroidManifest.xml:21:19-78
152
153        <meta-data
153-->[com.google.android.gms:play-services-basement:18.1.0] AndroidManifest.xml:21:9-23:69
154            android:name="com.google.android.gms.version"
154-->[com.google.android.gms:play-services-basement:18.1.0] AndroidManifest.xml:22:13-58
155            android:value="@integer/google_play_services_version" />
155-->[com.google.android.gms:play-services-basement:18.1.0] AndroidManifest.xml:23:13-66
156    </application>
157
158</manifest>